<?xml version="1.0" encoding="UTF-8"?>
<!-- Generated by org.testng.reporters.JUnitReportReporter -->
<testsuite hostname="TGL220" failures="0" tests="1" name="MyRunner.Runner" time="58.793" errors="0" timestamp="2022-02-24T15:58:25 IST" skipped="0">
  <testcase classname="MyRunner.Runner" name="runScenario" time="58.793"/>
  <system-out/>
</testsuite> <!-- MyRunner.Runner -->
